Using pre-set license
Built from '2020.3/staging' branch; Version is '2020.3.0f1 (c7b5465681fb) revision 13088070'; Using compiler version '192528614'; Build Type 'Release'
OS: 'Windows 10 Pro; OS build 19042.867; Version 2009; 64bit' Language: 'zh' Physical Memory: 12174 MB
BatchMode: 1, IsHumanControllingUs: 0, StartBugReporterOnCrash: 0, Is64bit: 1, IsPro: 0

 COMMAND LINE ARGUMENTS:
C:\Program Files\Unity\Hub\Editor\2020.3.0f1\Editor\Unity.exe
-adb2
-batchMode
-noUpm
-name
AssetImportWorker0
-projectPath
F:/BiYeSheJi Mobile 2D Unity Project 2020.3.0f1
-logFile
Logs/AssetImportWorker0.log
-srvPort
57010
Successfully changed project path to: F:/BiYeSheJi Mobile 2D Unity Project 2020.3.0f1
F:/BiYeSheJi Mobile 2D Unity Project 2020.3.0f1
Using Asset Import Pipeline V2.
Refreshing native plugins compatible for Editor in 69.71 ms, found 1 plugins.
Preloading 0 native plugins for Editor in 0.00 ms.
Initialize engine version: 2020.3.0f1 (c7b5465681fb)
[Subsystems] Discovering subsystems at path C:/Program Files/Unity/Hub/Editor/2020.3.0f1/Editor/Data/Resources/UnitySubsystems
[Subsystems] Discovering subsystems at path F:/BiYeSheJi Mobile 2D Unity Project 2020.3.0f1/Assets
GfxDevice: creating device client; threaded=0
Direct3D:
    Version:  Direct3D 11.0 [level 11.0]
    Renderer: Intel(R) HD Graphics (ID=0x152)
    Vendor:   
    VRAM:     128 MB
    Driver:   10.18.10.5161
Initialize mono
Mono path[0] = 'C:/Program Files/Unity/Hub/Editor/2020.3.0f1/Editor/Data/Managed'
Mono path[1] = 'C:/Program Files/Unity/Hub/Editor/2020.3.0f1/Editor/Data/MonoBleedingEdge/lib/mono/unityjit'
Mono config path = 'C:/Program Files/Unity/Hub/Editor/2020.3.0f1/Editor/Data/MonoBleedingEdge/etc'
Using monoOptions --debugger-agent=transport=dt_socket,embedding=1,server=y,suspend=n,address=127.0.0.1:56880
Begin MonoManager ReloadAssembly
Registering precompiled unity dll's ...
Register platform support module: C:/Program Files/Unity/Hub/Editor/2020.3.0f1/Editor/Data/PlaybackEngines/WindowsStandaloneSupport/UnityEditor.WindowsStandalone.Extensions.dll
Registered in 0.005127 seconds.
Native extension for WindowsStandalone target not found
Refreshing native plugins compatible for Editor in 58.31 ms, found 1 plugins.
Preloading 0 native plugins for Editor in 0.00 ms.
Invoked RoslynAnalysisRunner static constructor.
RoslynAnalysisRunner will not be running.
RoslynAnalysisRunner has terminated.
Mono: successfully reloaded assembly
- Completed reload, in  4.010 seconds
Platform modules already initialized, skipping
Registering precompiled user dll's ...
Registered in 0.001856 seconds.
Begin MonoManager ReloadAssembly
Native extension for WindowsStandalone target not found
Refreshing native plugins compatible for Editor in 60.41 ms, found 1 plugins.
Preloading 0 native plugins for Editor in 0.00 ms.
Invoked RoslynAnalysisRunner static constructor.
RoslynAnalysisRunner will not be running.
RoslynAnalysisRunner has terminated.
Mono: successfully reloaded assembly
- Completed reload, in  1.763 seconds
Platform modules already initialized, skipping
========================================================================
Worker process is ready to serve import requests
Launched and connected shader compiler UnityShaderCompiler.exe after 0.21 seconds
Refreshing native plugins compatible for Editor in 0.78 ms, found 1 plugins.
Preloading 0 native plugins for Editor in 0.00 ms.
Unloading 1974 Unused Serialized files (Serialized files now loaded: 0)
System memory in use before: 90.4 MB.
System memory in use after: 90.5 MB.

Unloading 20 unused Assets to reduce memory usage. Loaded Objects now: 2421.
Total: 8.673400 ms (FindLiveObjects: 0.977200 ms CreateObjectMapping: 0.492800 ms MarkObjects: 7.067600 ms  DeleteObjects: 0.131400 ms)

========================================================================
Received Import Request.
  path: Assets/visibility.png
  artifactKey: Guid(d9ba31269ad2afb4ba9e647cf75a4e51) Importer(815301076,1909f56bfc062723c751e8b465ee728b)
Start importing Assets/visibility.png using Guid(d9ba31269ad2afb4ba9e647cf75a4e51) Importer(815301076,1909f56bfc062723c751e8b465ee728b)  -> (artifact id: '8ff3be90ddc5b413ca14bf99a0bdcdd5') in 0.291347 seconds
  Import took 0.297279 seconds .

========================================================================
Received Import Request.
  Time since last request: 0.000325 seconds.
  path: Assets/Circle.prefab
  artifactKey: Guid(341da6f8a4011364aafc3ad9db6e649a) Importer(815301076,1909f56bfc062723c751e8b465ee728b)
Start importing Assets/Circle.prefab using Guid(341da6f8a4011364aafc3ad9db6e649a) Importer(815301076,1909f56bfc062723c751e8b465ee728b)  -> (artifact id: '3c2ab762896956a81d70947f93b7fdc5') in 0.158144 seconds
  Import took 0.163940 seconds .

========================================================================
Received Import Request.
  Time since last request: 0.000313 seconds.
  path: Assets/q气球.blend
  artifactKey: Guid(b6f35ab8b1334cc4aa188392faf84441) Importer(815301076,1909f56bfc062723c751e8b465ee728b)
Start importing Assets/q气球.blend using Guid(b6f35ab8b1334cc4aa188392faf84441) Importer(815301076,1909f56bfc062723c751e8b465ee728b)  -> (artifact id: '233a668de32ac0c97c59595c0f6de25b') in 0.688801 seconds
  Import took 0.698677 seconds .

========================================================================
Received Import Request.
  Time since last request: 0.000738 seconds.
  path: Assets/Kana UI.prefab
  artifactKey: Guid(763118e8eec314d46b542b849e071e7d) Importer(815301076,1909f56bfc062723c751e8b465ee728b)
Start importing Assets/Kana UI.prefab using Guid(763118e8eec314d46b542b849e071e7d) Importer(815301076,1909f56bfc062723c751e8b465ee728b)  -> (artifact id: 'c0ec785170bc1c2130b12a0bda54b202') in 0.078971 seconds
  Import took 0.084581 seconds .

========================================================================
Received Import Request.
  Time since last request: 0.000285 seconds.
  path: Assets/enermy.blend
  artifactKey: Guid(ade947d2199718e40b64c0461da57ffd) Importer(815301076,1909f56bfc062723c751e8b465ee728b)
Start importing Assets/enermy.blend using Guid(ade947d2199718e40b64c0461da57ffd) Importer(815301076,1909f56bfc062723c751e8b465ee728b)  -> (artifact id: '5b16f33bcc412d958e5b92859749784e') in 0.055540 seconds
  Import took 0.061745 seconds .

========================================================================
Received Import Request.
  Time since last request: 0.000314 seconds.
  path: Assets/StrokeHit.prefab
  artifactKey: Guid(d95c1e9d45be6b840beb81ea66242d99) Importer(815301076,1909f56bfc062723c751e8b465ee728b)
Start importing Assets/StrokeHit.prefab using Guid(d95c1e9d45be6b840beb81ea66242d99) Importer(815301076,1909f56bfc062723c751e8b465ee728b)  -> (artifact id: 'c7462f6147aba5fd48171a7cc059c385') in 0.050364 seconds
  Import took 0.056856 seconds .

========================================================================
Received Import Request.
  Time since last request: 0.000275 seconds.
  path: Assets/气球.prefab
  artifactKey: Guid(87edb3e4ff099e0429168fff3d5149b6) Importer(815301076,1909f56bfc062723c751e8b465ee728b)
Start importing Assets/气球.prefab using Guid(87edb3e4ff099e0429168fff3d5149b6) Importer(815301076,1909f56bfc062723c751e8b465ee728b)  -> (artifact id: '1c7b889b27681c54be4b9fd192ad5304') in 0.037725 seconds
  Import took 0.044317 seconds .

========================================================================
Received Import Request.
  Time since last request: 0.000324 seconds.
  path: Assets/ufo.blend
  artifactKey: Guid(0fcef27895840ba459a0a146552584d0) Importer(815301076,1909f56bfc062723c751e8b465ee728b)
Start importing Assets/ufo.blend using Guid(0fcef27895840ba459a0a146552584d0) Importer(815301076,1909f56bfc062723c751e8b465ee728b)  -> (artifact id: '946eb1d3af33ec60c2c31749dafa6b27') in 0.094171 seconds
  Import took 0.099270 seconds .

========================================================================
Received Import Request.
  Time since last request: 0.000257 seconds.
  path: Assets/enermy.prefab
  artifactKey: Guid(535a0a8d29938ab4ea204e747feec41b) Importer(815301076,1909f56bfc062723c751e8b465ee728b)
Start importing Assets/enermy.prefab using Guid(535a0a8d29938ab4ea204e747feec41b) Importer(815301076,1909f56bfc062723c751e8b465ee728b)  -> (artifact id: '89aedff9cccc43592b750bd4fd260d19') in 0.033514 seconds
  Import took 0.038812 seconds .

========================================================================
Received Import Request.
  Time since last request: 37.087187 seconds.
  path: Assets/ninja.unity
  artifactKey: Guid(960a19f22902bbc40a4cc6ba4040e3f9) Importer(815301076,1909f56bfc062723c751e8b465ee728b)
Start importing Assets/ninja.unity using Guid(960a19f22902bbc40a4cc6ba4040e3f9) Importer(815301076,1909f56bfc062723c751e8b465ee728b)  -> (artifact id: '664f453df05690ca816bfa5814765e0d') in 0.016744 seconds
  Import took 0.022835 seconds .

========================================================================
Received Import Request.
  Time since last request: 0.004051 seconds.
  path: Assets/ninja.unity
  artifactKey: Guid(960a19f22902bbc40a4cc6ba4040e3f9) Importer(815301076,1909f56bfc062723c751e8b465ee728b)
Start importing Assets/ninja.unity using Guid(960a19f22902bbc40a4cc6ba4040e3f9) Importer(815301076,1909f56bfc062723c751e8b465ee728b)  -> (artifact id: '664f453df05690ca816bfa5814765e0d') in 0.013169 seconds
  Import took 0.022388 seconds .

========================================================================
Received Import Request.
  Time since last request: 113.071763 seconds.
  path: Assets/Option.prefab
  artifactKey: Guid(9c5e8655957b7e442a4b555f28c27720) Importer(815301076,1909f56bfc062723c751e8b465ee728b)
Start importing Assets/Option.prefab using Guid(9c5e8655957b7e442a4b555f28c27720) Importer(815301076,1909f56bfc062723c751e8b465ee728b)  -> (artifact id: '69e5f55613f3129816584f1c1a683afb') in 0.015497 seconds
  Import took 0.020572 seconds .

========================================================================
Received Import Request.
  Time since last request: 0.037005 seconds.
  path: Assets/Option.prefab
  artifactKey: Guid(9c5e8655957b7e442a4b555f28c27720) Importer(815301076,1909f56bfc062723c751e8b465ee728b)
Start importing Assets/Option.prefab using Guid(9c5e8655957b7e442a4b555f28c27720) Importer(815301076,1909f56bfc062723c751e8b465ee728b)  -> (artifact id: '69e5f55613f3129816584f1c1a683afb') in 0.014165 seconds
  Import took 0.020516 seconds .

========================================================================
Received Import Request.
  Time since last request: 90.197844 seconds.
  path: Assets/Prefabs/BottomButtons.prefab
  artifactKey: Guid(df615877759836f438d1c47be6325a56) Importer(815301076,1909f56bfc062723c751e8b465ee728b)
Start importing Assets/Prefabs/BottomButtons.prefab using Guid(df615877759836f438d1c47be6325a56) Importer(815301076,1909f56bfc062723c751e8b465ee728b)  -> (artifact id: 'bce28e05b36b5d070d1b054f34b5054b') in 0.028887 seconds
  Import took 0.034032 seconds .

========================================================================
Received Import Request.
  Time since last request: 0.000691 seconds.
  path: Assets/Prefabs/KanaHeader.prefab
  artifactKey: Guid(fbaddff2b0d32e0458ca560593f78c87) Importer(815301076,1909f56bfc062723c751e8b465ee728b)
Start importing Assets/Prefabs/KanaHeader.prefab using Guid(fbaddff2b0d32e0458ca560593f78c87) Importer(815301076,1909f56bfc062723c751e8b465ee728b)  -> (artifact id: '150a281e0db253d3915f704995e56fd0') in 0.012776 seconds
  Import took 0.017754 seconds .

========================================================================
Received Import Request.
  Time since last request: 0.000356 seconds.
  path: Assets/Prefabs/笔画碰撞点.prefab
  artifactKey: Guid(60d6eb3f29f5cb84b9426767f025da01) Importer(815301076,1909f56bfc062723c751e8b465ee728b)
Start importing Assets/Prefabs/笔画碰撞点.prefab using Guid(60d6eb3f29f5cb84b9426767f025da01) Importer(815301076,1909f56bfc062723c751e8b465ee728b)  -> (artifact id: 'b4d8033b51c8bf3d3e8157b95905a155') in 0.015104 seconds
  Import took 0.023879 seconds .

========================================================================
Received Import Request.
  Time since last request: 0.000471 seconds.
  path: Assets/Prefabs/Empty Kana Card.prefab
  artifactKey: Guid(371b47e8db8ffac42b485a692f72f094) Importer(815301076,1909f56bfc062723c751e8b465ee728b)
Start importing Assets/Prefabs/Empty Kana Card.prefab using Guid(371b47e8db8ffac42b485a692f72f094) Importer(815301076,1909f56bfc062723c751e8b465ee728b)  -> (artifact id: 'b0375542d7eac2f8056391ccb15a228c') in 0.027206 seconds
  Import took 0.033470 seconds .

========================================================================
Received Import Request.
  Time since last request: 0.000463 seconds.
  path: Assets/Prefabs/KanaGrid.prefab
  artifactKey: Guid(c85cbc1578549fc499b45c4f9b39cd0b) Importer(815301076,1909f56bfc062723c751e8b465ee728b)
Start importing Assets/Prefabs/KanaGrid.prefab using Guid(c85cbc1578549fc499b45c4f9b39cd0b) Importer(815301076,1909f56bfc062723c751e8b465ee728b)  -> (artifact id: 'a571f82333cacd138cf122f3385f5870') in 0.035440 seconds
  Import took 0.042287 seconds .

========================================================================
Received Import Request.
  Time since last request: 0.000344 seconds.
  path: Assets/Prefabs/StrokeCircle.prefab
  artifactKey: Guid(08edb4549107e9b4e91b291f42e94d0c) Importer(815301076,1909f56bfc062723c751e8b465ee728b)
Start importing Assets/Prefabs/StrokeCircle.prefab using Guid(08edb4549107e9b4e91b291f42e94d0c) Importer(815301076,1909f56bfc062723c751e8b465ee728b)  -> (artifact id: '5b801659cce9530affc91fcd6931784d') in 0.014467 seconds
  Import took 0.019274 seconds .

========================================================================
Received Import Request.
  Time since last request: 0.000365 seconds.
  path: Assets/Prefabs/ShowHira.prefab
  artifactKey: Guid(7d3d4730f8cd1494580012083958d8da) Importer(815301076,1909f56bfc062723c751e8b465ee728b)
Start importing Assets/Prefabs/ShowHira.prefab using Guid(7d3d4730f8cd1494580012083958d8da) Importer(815301076,1909f56bfc062723c751e8b465ee728b)  -> (artifact id: '7a6c8ca4557c49d69e168ab5e6233432') in 0.016366 seconds
  Import took 0.024403 seconds .

========================================================================
Received Import Request.
  Time since last request: 0.000381 seconds.
  path: Assets/Prefabs/CM Vcam.prefab
  artifactKey: Guid(522104ac09598b547a7e14313b07dc68) Importer(815301076,1909f56bfc062723c751e8b465ee728b)
Start importing Assets/Prefabs/CM Vcam.prefab using Guid(522104ac09598b547a7e14313b07dc68) Importer(815301076,1909f56bfc062723c751e8b465ee728b)  -> (artifact id: '40b1db6d978ba8621690f34d07531675') in 0.013950 seconds
  Import took 0.020560 seconds .

========================================================================
Received Import Request.
  Time since last request: 0.000394 seconds.
  path: Assets/Prefabs/ShowKata.prefab
  artifactKey: Guid(ce404fc1d07101146a1466e6a9b102d9) Importer(815301076,1909f56bfc062723c751e8b465ee728b)
Start importing Assets/Prefabs/ShowKata.prefab using Guid(ce404fc1d07101146a1466e6a9b102d9) Importer(815301076,1909f56bfc062723c751e8b465ee728b)  -> (artifact id: '9d3df3c9b64a6b513d3131792bf90287') in 0.016353 seconds
  Import took 0.022065 seconds .

========================================================================
Received Import Request.
  Time since last request: 0.000400 seconds.
  path: Assets/Prefabs/Kana Button.prefab
  artifactKey: Guid(8157256483dd5c741b5194388817171b) Importer(815301076,1909f56bfc062723c751e8b465ee728b)
Start importing Assets/Prefabs/Kana Button.prefab using Guid(8157256483dd5c741b5194388817171b) Importer(815301076,1909f56bfc062723c751e8b465ee728b)  -> (artifact id: '28f9c0dda61cabe193acf3fe6188266f') in 0.017815 seconds
  Import took 0.025218 seconds .

========================================================================
Received Import Request.
  Time since last request: 0.000305 seconds.
  path: Assets/Prefabs/KanaUICard.prefab
  artifactKey: Guid(8135cfce0aec576439acda81a4c11754) Importer(815301076,1909f56bfc062723c751e8b465ee728b)
Start importing Assets/Prefabs/KanaUICard.prefab using Guid(8135cfce0aec576439acda81a4c11754) Importer(815301076,1909f56bfc062723c751e8b465ee728b)  -> (artifact id: '626d67dfb8304466b2f34295d176b4cf') in 0.017341 seconds
  Import took 0.023854 seconds .

========================================================================
Received Import Request.
  Time since last request: 0.000554 seconds.
  path: Assets/Prefabs/HideKanaGrid.prefab
  artifactKey: Guid(fb32e62e91082ad4182d1d7227d20f9c) Importer(815301076,1909f56bfc062723c751e8b465ee728b)
Start importing Assets/Prefabs/HideKanaGrid.prefab using Guid(fb32e62e91082ad4182d1d7227d20f9c) Importer(815301076,1909f56bfc062723c751e8b465ee728b)  -> (artifact id: 'c9c5408cd4930f5b86a8b41873f46903') in 0.016317 seconds
  Import took 0.024816 seconds .

========================================================================
Received Import Request.
  Time since last request: 3.594767 seconds.
  path: Assets/Prefabs/Placeholder.prefab
  artifactKey: Guid(041c8e84c7b033a418f775f90684a731) Importer(815301076,1909f56bfc062723c751e8b465ee728b)
Start importing Assets/Prefabs/Placeholder.prefab using Guid(041c8e84c7b033a418f775f90684a731) Importer(815301076,1909f56bfc062723c751e8b465ee728b)  -> (artifact id: '0e794d60775ea24377997a8b6d2af52a') in 0.021549 seconds
  Import took 0.030852 seconds .

========================================================================
Received Import Request.
  Time since last request: 17.836273 seconds.
  path: Assets/Prefabs/GameObject.prefab
  artifactKey: Guid(597be2dddbce4cb4b808b51ea01d819f) Importer(815301076,1909f56bfc062723c751e8b465ee728b)
Start importing Assets/Prefabs/GameObject.prefab using Guid(597be2dddbce4cb4b808b51ea01d819f) Importer(815301076,1909f56bfc062723c751e8b465ee728b)  -> (artifact id: '02e5778a412d527f0f609a6ead906adc') in 0.021098 seconds
  Import took 0.029421 seconds .

========================================================================
Received Import Request.
  Time since last request: 0.050556 seconds.
  path: Assets/Prefabs/GameObject.prefab
  artifactKey: Guid(597be2dddbce4cb4b808b51ea01d819f) Importer(815301076,1909f56bfc062723c751e8b465ee728b)
Start importing Assets/Prefabs/GameObject.prefab using Guid(597be2dddbce4cb4b808b51ea01d819f) Importer(815301076,1909f56bfc062723c751e8b465ee728b)  -> (artifact id: '02e5778a412d527f0f609a6ead906adc') in 0.012378 seconds
  Import took 0.018465 seconds .

========================================================================
Received Import Request.
  Time since last request: 9.518609 seconds.
  path: Assets/Prefabs/KanaGrid.prefab
  artifactKey: Guid(c85cbc1578549fc499b45c4f9b39cd0b) Importer(815301076,1909f56bfc062723c751e8b465ee728b)
Start importing Assets/Prefabs/KanaGrid.prefab using Guid(c85cbc1578549fc499b45c4f9b39cd0b) Importer(815301076,1909f56bfc062723c751e8b465ee728b)  -> (artifact id: '83272f5ad0c6381ab1237e32ca3bea48') in 0.033951 seconds
  Import took 0.041650 seconds .

========================================================================
Received Import Request.
  Time since last request: 0.012206 seconds.
  path: Assets/Prefabs/KanaGrid.prefab
  artifactKey: Guid(c85cbc1578549fc499b45c4f9b39cd0b) Importer(815301076,1909f56bfc062723c751e8b465ee728b)
Start importing Assets/Prefabs/KanaGrid.prefab using Guid(c85cbc1578549fc499b45c4f9b39cd0b) Importer(815301076,1909f56bfc062723c751e8b465ee728b)  -> (artifact id: '83272f5ad0c6381ab1237e32ca3bea48') in 0.034010 seconds
  Import took 0.042011 seconds .

========================================================================
Received Import Request.
  Time since last request: 3.231516 seconds.
  path: Assets/Prefabs/Placeholder.prefab
  artifactKey: Guid(597be2dddbce4cb4b808b51ea01d819f) Importer(815301076,1909f56bfc062723c751e8b465ee728b)
Start importing Assets/Prefabs/Placeholder.prefab using Guid(597be2dddbce4cb4b808b51ea01d819f) Importer(815301076,1909f56bfc062723c751e8b465ee728b)  -> (artifact id: '7b3773abb8724b62af36a6ed1ac8acfb') in 0.016016 seconds
  Import took 0.025401 seconds .

========================================================================
Received Import Request.
  Time since last request: 0.047477 seconds.
  path: Assets/Prefabs/Placeholder.prefab
  artifactKey: Guid(597be2dddbce4cb4b808b51ea01d819f) Importer(815301076,1909f56bfc062723c751e8b465ee728b)
Start importing Assets/Prefabs/Placeholder.prefab using Guid(597be2dddbce4cb4b808b51ea01d819f) Importer(815301076,1909f56bfc062723c751e8b465ee728b)  -> (artifact id: '7b3773abb8724b62af36a6ed1ac8acfb') in 0.012306 seconds
  Import took 0.019383 seconds .

========================================================================
Received Import Request.
  Time since last request: 539.896910 seconds.
  path: Assets/Option.prefab
  artifactKey: Guid(9c5e8655957b7e442a4b555f28c27720) Importer(815301076,1909f56bfc062723c751e8b465ee728b)
Start importing Assets/Option.prefab using Guid(9c5e8655957b7e442a4b555f28c27720) Importer(815301076,1909f56bfc062723c751e8b465ee728b)  -> (artifact id: '2700be6ed94116d1e715d96d3d763bee') in 0.019228 seconds
  Import took 0.029034 seconds .

========================================================================
Received Import Request.
  Time since last request: 2.767625 seconds.
  path: Assets/Option.prefab
  artifactKey: Guid(9c5e8655957b7e442a4b555f28c27720) Importer(815301076,1909f56bfc062723c751e8b465ee728b)
Start importing Assets/Option.prefab using Guid(9c5e8655957b7e442a4b555f28c27720) Importer(815301076,1909f56bfc062723c751e8b465ee728b)  -> (artifact id: 'ae04b1d2db4f0dcd351c9f0e8bf10b78') in 0.029611 seconds
  Import took 0.039310 seconds .

========================================================================
Received Prepare
Registering precompiled user dll's ...
Registered in 0.004280 seconds.
Begin MonoManager ReloadAssembly
Native extension for WindowsStandalone target not found
Refreshing native plugins compatible for Editor in 0.54 ms, found 1 plugins.
Preloading 0 native plugins for Editor in 0.00 ms.
Invoked RoslynAnalysisRunner static constructor.
RoslynAnalysisRunner will not be running.
RoslynAnalysisRunner has terminated.
Mono: successfully reloaded assembly
- Completed reload, in  1.495 seconds
Platform modules already initialized, skipping
Refreshing native plugins compatible for Editor in 0.87 ms, found 1 plugins.
Preloading 0 native plugins for Editor in 0.00 ms.
Unloading 1962 Unused Serialized files (Serialized files now loaded: 0)
System memory in use before: 93.4 MB.
System memory in use after: 93.5 MB.

Unloading 11 unused Assets to reduce memory usage. Loaded Objects now: 2441.
Total: 3.532600 ms (FindLiveObjects: 0.481200 ms CreateObjectMapping: 0.168700 ms MarkObjects: 2.830600 ms  DeleteObjects: 0.048600 ms)

========================================================================
Received Prepare
Registering precompiled user dll's ...
Registered in 0.001841 seconds.
Begin MonoManager ReloadAssembly
Native extension for WindowsStandalone target not found
Refreshing native plugins compatible for Editor in 0.81 ms, found 1 plugins.
Preloading 0 native plugins for Editor in 0.00 ms.
Invoked RoslynAnalysisRunner static constructor.
RoslynAnalysisRunner will not be running.
RoslynAnalysisRunner has terminated.
Mono: successfully reloaded assembly
- Completed reload, in  1.543 seconds
Platform modules already initialized, skipping
Refreshing native plugins compatible for Editor in 1.09 ms, found 1 plugins.
Preloading 0 native plugins for Editor in 0.00 ms.
Unloading 1962 Unused Serialized files (Serialized files now loaded: 0)
System memory in use before: 93.5 MB.
System memory in use after: 93.6 MB.

Unloading 8 unused Assets to reduce memory usage. Loaded Objects now: 2445.
Total: 2.980000 ms (FindLiveObjects: 0.235600 ms CreateObjectMapping: 0.099400 ms MarkObjects: 2.617900 ms  DeleteObjects: 0.025000 ms)

========================================================================
Received Prepare
Registering precompiled user dll's ...
Registered in 0.001860 seconds.
Begin MonoManager ReloadAssembly
Native extension for WindowsStandalone target not found
Refreshing native plugins compatible for Editor in 0.92 ms, found 1 plugins.
Preloading 0 native plugins for Editor in 0.00 ms.
Invoked RoslynAnalysisRunner static constructor.
RoslynAnalysisRunner will not be running.
RoslynAnalysisRunner has terminated.
Mono: successfully reloaded assembly
- Completed reload, in  1.579 seconds
Platform modules already initialized, skipping
Refreshing native plugins compatible for Editor in 1.13 ms, found 1 plugins.
Preloading 0 native plugins for Editor in 0.00 ms.
Unloading 1962 Unused Serialized files (Serialized files now loaded: 0)
System memory in use before: 93.5 MB.
System memory in use after: 93.6 MB.

Unloading 8 unused Assets to reduce memory usage. Loaded Objects now: 2449.
Total: 2.753500 ms (FindLiveObjects: 0.338100 ms CreateObjectMapping: 0.109500 ms MarkObjects: 2.280000 ms  DeleteObjects: 0.024100 ms)

========================================================================
Received Prepare
Registering precompiled user dll's ...
Registered in 0.002187 seconds.
Begin MonoManager ReloadAssembly
Native extension for WindowsStandalone target not found
Refreshing native plugins compatible for Editor in 0.67 ms, found 1 plugins.
Preloading 0 native plugins for Editor in 0.00 ms.
Invoked RoslynAnalysisRunner static constructor.
RoslynAnalysisRunner will not be running.
RoslynAnalysisRunner has terminated.
Mono: successfully reloaded assembly
- Completed reload, in  1.590 seconds
Platform modules already initialized, skipping
Refreshing native plugins compatible for Editor in 0.88 ms, found 1 plugins.
Preloading 0 native plugins for Editor in 0.00 ms.
Unloading 1962 Unused Serialized files (Serialized files now loaded: 0)
System memory in use before: 93.5 MB.
System memory in use after: 93.6 MB.

Unloading 8 unused Assets to reduce memory usage. Loaded Objects now: 2453.
Total: 2.489900 ms (FindLiveObjects: 0.219200 ms CreateObjectMapping: 0.092000 ms MarkObjects: 2.155300 ms  DeleteObjects: 0.021500 ms)

========================================================================
Received Prepare
Registering precompiled user dll's ...
Registered in 0.001784 seconds.
Begin MonoManager ReloadAssembly
Native extension for WindowsStandalone target not found
Refreshing native plugins compatible for Editor in 0.54 ms, found 1 plugins.
Preloading 0 native plugins for Editor in 0.00 ms.
Invoked RoslynAnalysisRunner static constructor.
RoslynAnalysisRunner will not be running.
RoslynAnalysisRunner has terminated.
Mono: successfully reloaded assembly
- Completed reload, in  1.573 seconds
Platform modules already initialized, skipping
Refreshing native plugins compatible for Editor in 0.98 ms, found 1 plugins.
Preloading 0 native plugins for Editor in 0.00 ms.
Unloading 1962 Unused Serialized files (Serialized files now loaded: 0)
System memory in use before: 93.5 MB.
System memory in use after: 93.6 MB.

Unloading 8 unused Assets to reduce memory usage. Loaded Objects now: 2457.
Total: 2.835800 ms (FindLiveObjects: 0.381000 ms CreateObjectMapping: 0.109100 ms MarkObjects: 2.313600 ms  DeleteObjects: 0.029900 ms)

========================================================================
Received Prepare
Registering precompiled user dll's ...
Registered in 0.001811 seconds.
Begin MonoManager ReloadAssembly
Native extension for WindowsStandalone target not found
Refreshing native plugins compatible for Editor in 0.52 ms, found 1 plugins.
Preloading 0 native plugins for Editor in 0.00 ms.
Invoked RoslynAnalysisRunner static constructor.
RoslynAnalysisRunner will not be running.
RoslynAnalysisRunner has terminated.
Mono: successfully reloaded assembly
- Completed reload, in  1.563 seconds
Platform modules already initialized, skipping
Refreshing native plugins compatible for Editor in 3.42 ms, found 1 plugins.
Preloading 0 native plugins for Editor in 0.00 ms.
Unloading 1962 Unused Serialized files (Serialized files now loaded: 0)
System memory in use before: 93.5 MB.
System memory in use after: 93.6 MB.

Unloading 8 unused Assets to reduce memory usage. Loaded Objects now: 2461.
Total: 2.777800 ms (FindLiveObjects: 0.395100 ms CreateObjectMapping: 0.116100 ms MarkObjects: 2.238900 ms  DeleteObjects: 0.025300 ms)

========================================================================
Received Prepare
Registering precompiled user dll's ...
Registered in 0.001817 seconds.
Begin MonoManager ReloadAssembly
Native extension for WindowsStandalone target not found
Refreshing native plugins compatible for Editor in 0.53 ms, found 1 plugins.
Preloading 0 native plugins for Editor in 0.00 ms.
Invoked RoslynAnalysisRunner static constructor.
RoslynAnalysisRunner will not be running.
RoslynAnalysisRunner has terminated.
Mono: successfully reloaded assembly
- Completed reload, in  1.558 seconds
Platform modules already initialized, skipping
Refreshing native plugins compatible for Editor in 0.83 ms, found 1 plugins.
Preloading 0 native plugins for Editor in 0.00 ms.
Unloading 1962 Unused Serialized files (Serialized files now loaded: 0)
System memory in use before: 93.5 MB.
System memory in use after: 93.6 MB.

Unloading 8 unused Assets to reduce memory usage. Loaded Objects now: 2465.
Total: 3.257300 ms (FindLiveObjects: 0.241900 ms CreateObjectMapping: 0.089900 ms MarkObjects: 2.895000 ms  DeleteObjects: 0.027800 ms)

========================================================================
Received Prepare
Registering precompiled user dll's ...
Registered in 0.002537 seconds.
Begin MonoManager ReloadAssembly
Native extension for WindowsStandalone target not found
Refreshing native plugins compatible for Editor in 0.51 ms, found 1 plugins.
Preloading 0 native plugins for Editor in 0.00 ms.
Invoked RoslynAnalysisRunner static constructor.
RoslynAnalysisRunner will not be running.
RoslynAnalysisRunner has terminated.
Mono: successfully reloaded assembly
- Completed reload, in  1.391 seconds
Platform modules already initialized, skipping
Refreshing native plugins compatible for Editor in 3.05 ms, found 1 plugins.
Preloading 0 native plugins for Editor in 0.00 ms.
Unloading 1962 Unused Serialized files (Serialized files now loaded: 0)
System memory in use before: 93.5 MB.
System memory in use after: 93.7 MB.

Unloading 8 unused Assets to reduce memory usage. Loaded Objects now: 2469.
Total: 2.524600 ms (FindLiveObjects: 0.219200 ms CreateObjectMapping: 0.090500 ms MarkObjects: 2.190000 ms  DeleteObjects: 0.022900 ms)

AssetImportWorkerClient::OnTransportError - code=2 error=End of file
